<?xml version="1.0" encoding="UTF-8" ?>
<testsuite tests="4" failures="4" name="com.agilean.kata.FooClassTest" time="0.06" errors="0" skipped="0">
  <properties>
[...]
</properties>
  <testcase classname="com.agilean.kata.FooClassTest" name="com.agilean.kata.FooClassTest.testFooClass_CallMethodMsg_ShouldBeOK" time="0.03">
    <failure type="java.lang.NullPointerException">java.lang.NullPointerException
	at com.agilean.kata.FooClassTest.testFooClass_CallMethodMsg_ShouldBeOK(FooClassTest.java:39)
</failure>
  </testcase>
  <testcase classname="com.agilean.kata.FooClassTest" name="com.agilean.kata.FooClassTest.testFooClass_CallDoSth_ShouldBeOK" time="0.002">
    <failure type="java.lang.NullPointerException">java.lang.NullPointerException
	at com.agilean.kata.FooClassTest$3.&lt;init&gt;(FooClassTest.java:52)
	at com.agilean.kata.FooClassTest.testFooClass_CallDoSth_ShouldBeOK(FooClassTest.java:51)
</failure>
  </testcase>
  <testcase classname="com.agilean.kata.FooClassTest" name="com.agilean.kata.FooClassTest.testFooClass_CallStaticMethod_EqualsMockString" time="0.018">
    <failure type="java.lang.AssertionError">java.lang.AssertionError
	at mockit.internal.expectations.RecordAndReplayExecution.startVerifications(RecordAndReplayExecution.java:285)
	at mockit.Verifications.&lt;init&gt;(Verifications.java:60)
	at mockit.Verifications.&lt;init&gt;(Verifications.java:56)
	at com.agilean.kata.FooClassTest$5.&lt;init&gt;(FooClassTest.java:75)
	at com.agilean.kata.FooClassTest.testFooClass_CallStaticMethod_EqualsMockString(FooClassTest.java:75)
</failure>
  </testcase>
  <testcase classname="com.agilean.kata.FooClassTest" name="com.agilean.kata.FooClassTest.testFooClass_CallFinalMethod_EqualsMockString" time="0.01">
    <failure type="java.lang.NullPointerException">java.lang.NullPointerException
	at com.agilean.kata.FooClassTest.testFooClass_CallFinalMethod_EqualsMockString(FooClassTest.java:96)
</failure>
  </testcase>
</testsuite>